<?xml version="1.0" encoding="UTF-8"?>
<testsuite xmlns:xsi="http://www.w3.org/2001/XMLSchema-instance" xsi:noNamespaceSchemaLocation="https://maven.apache.org/surefire/maven-surefire-plugin/xsd/surefire-test-report-3.0.xsd" version="3.0" name="com.portfolio.portfolioservice.controller.PortfolioControllerTest" time="1.379" tests="6" errors="0" skipped="0" failures="0">
  <properties>
[...]
</properties>
  <testcase name="update_InternalException" classname="com.portfolio.portfolioservice.controller.PortfolioControllerTest" time="0.336">
    <system-out><![CDATA[2024-04-27T05:42:01.267-04:00  INFO 72646 --- [portfolio-service] [           main] t.c.s.AnnotationConfigContextLoaderUtils : Could not detect default configuration classes for test class [com.portfolio.portfolioservice.controller.PortfolioControllerTest]: PortfolioControllerTest does not declare any static, non-private, non-final, nested classes annotated with @Configuration.
2024-04-27T05:42:01.361-04:00  INFO 72646 --- [portfolio-service] [           main] .b.t.c.SpringBootTestContextBootstrapper : Found @SpringBootConfiguration com.portfolio.portfolioservice.PortfolioServiceApplication for test class com.portfolio.portfolioservice.controller.PortfolioControllerTest

  .   ____          _            __ _ _
 /\\ / ___'_ __ _ _(_)_ __  __ _ \ \ \ \
( ( )\___ | '_ | '_| | '_ \/ _` | \ \ \ \
 \\/  ___)| |_)| | | | | || (_| |  ) ) ) )
  '  |____| .__|_| |_|_| |_\__, | / / / /
 =========|_|==============|___/=/_/_/_/
 :: Spring Boot ::                (v3.2.5)

2024-04-27T05:42:01.405-04:00  INFO 72646 --- [portfolio-service] [           main] c.p.p.c.PortfolioControllerTest          : Starting PortfolioControllerTest using Java 17.0.10 with PID 72646 (started by safrin in /home/safrin/Desktop/project/portfolio-service)
2024-04-27T05:42:01.405-04:00  INFO 72646 --- [portfolio-service] [           main] c.p.p.c.PortfolioControllerTest          : No active profile set, falling back to 1 default profile: "default"
2024-04-27T05:42:02.119-04:00  INFO 72646 --- [portfolio-service] [           main] o.s.b.t.m.w.SpringBootMockServletContext : Initializing Spring TestDispatcherServlet ''
2024-04-27T05:42:02.120-04:00  INFO 72646 --- [portfolio-service] [           main] o.s.t.web.servlet.TestDispatcherServlet  : Initializing Servlet ''
2024-04-27T05:42:02.129-04:00  INFO 72646 --- [portfolio-service] [           main] o.s.t.web.servlet.TestDispatcherServlet  : Completed initialization in 3 ms
2024-04-27T05:42:02.158-04:00  INFO 72646 --- [portfolio-service] [           main] c.p.p.c.PortfolioControllerTest          : Started PortfolioControllerTest in 0.791 seconds (process running for 8.137)
2024-04-27T05:42:02.306-04:00  INFO 72646 --- [portfolio-service] [           main] c.p.p.interceptors.AuthFilter            : token null
2024-04-27T05:42:02.445-04:00  INFO 72646 --- [portfolio-service] [           main] c.p.p.controller.PortfolioController     : Request received for update portfolio-id =testId , updateRequest=UpdateRequest(instrumentName=Test, tradeType=SELL, units=null)
2024-04-27T05:42:02.456-04:00  INFO 72646 --- [portfolio-service] [           main] c.p.p.aspect.GlobalExceptionHandler      : Exception RuntimeException Failed
]]></system-out>
  </testcase>
  <testcase name="update_Business_Exception" classname="com.portfolio.portfolioservice.controller.PortfolioControllerTest" time="0.026">
    <system-out><![CDATA[2024-04-27T05:42:02.530-04:00  INFO 72646 --- [portfolio-service] [           main] c.p.p.interceptors.AuthFilter            : token null
2024-04-27T05:42:02.533-04:00  INFO 72646 --- [portfolio-service] [           main] c.p.p.controller.PortfolioController     : Request received for update portfolio-id =testId , updateRequest=UpdateRequest(instrumentName=Test, tradeType=SELL, units=null)
2024-04-27T05:42:02.536-04:00  INFO 72646 --- [portfolio-service] [           main] c.p.p.aspect.GlobalExceptionHandler      : Exception ValidationException Failed
]]></system-out>
  </testcase>
  <testcase name="update" classname="com.portfolio.portfolioservice.controller.PortfolioControllerTest" time="0.021">
    <system-out><![CDATA[2024-04-27T05:42:02.552-04:00  INFO 72646 --- [portfolio-service] [           main] c.p.p.interceptors.AuthFilter            : token null
2024-04-27T05:42:02.555-04:00  INFO 72646 --- [portfolio-service] [           main] c.p.p.controller.PortfolioController     : Request received for update portfolio-id =testId , updateRequest=UpdateRequest(instrumentName=Test, tradeType=SELL, units=null)
]]></system-out>
  </testcase>
  <testcase name="getDetail" classname="com.portfolio.portfolioservice.controller.PortfolioControllerTest" time="0.021">
    <system-out><![CDATA[2024-04-27T05:42:02.578-04:00  INFO 72646 --- [portfolio-service] [           main] c.p.p.interceptors.AuthFilter            : token null
2024-04-27T05:42:02.580-04:00  INFO 72646 --- [portfolio-service] [           main] c.p.p.controller.PortfolioController     : Request received for get getDetail portfolio-id =testId
]]></system-out>
  </testcase>
  <testcase name="getDetail_BusinessException" classname="com.portfolio.portfolioservice.controller.PortfolioControllerTest" time="0.016">
    <system-out><![CDATA[2024-04-27T05:42:02.603-04:00  INFO 72646 --- [portfolio-service] [           main] c.p.p.interceptors.AuthFilter            : token null
2024-04-27T05:42:02.604-04:00  INFO 72646 --- [portfolio-service] [           main] c.p.p.controller.PortfolioController     : Request received for get getDetail portfolio-id =testId
2024-04-27T05:42:02.606-04:00  INFO 72646 --- [portfolio-service] [           main] c.p.p.aspect.GlobalExceptionHandler      : Exception ValidationException Failed
]]></system-out>
  </testcase>
  <testcase name="getDetail_Internal_Exception" classname="com.portfolio.portfolioservice.controller.PortfolioControllerTest" time="0.016">
    <system-out><![CDATA[2024-04-27T05:42:02.626-04:00  INFO 72646 --- [portfolio-service] [           main] c.p.p.interceptors.AuthFilter            : token null
2024-04-27T05:42:02.627-04:00  INFO 72646 --- [portfolio-service] [           main] c.p.p.controller.PortfolioController     : Request received for get getDetail portfolio-id =testId
2024-04-27T05:42:02.629-04:00  INFO 72646 --- [portfolio-service] [           main] c.p.p.aspect.GlobalExceptionHandler      : Exception RuntimeException Failed
]]></system-out>
  </testcase>
</testsuite>